<?xml version="1.0" encoding="UTF-8"?>
<!-- Generated by org.testng.reporters.JUnitReportReporter -->
<testsuite skipped="0" hostname="W1856222" name="drive.tests.PregnancyOrionWorkflow" tests="1" failures="0" timestamp="06 Aug 2020 06:23:22 GMT" time="72.539" errors="1">
  <testcase name="verifyPregnancyOrionWorkflow" time="72.539" classname="drive.tests.PregnancyOrionWorkflow">
    <error type="org.openqa.selenium.WebDriverException" message="Unable to click on the element: [[ChromeDriver: chrome on XP (7de0db83d6b77acd2095e5c49ec1b293)] -&gt; xpath: //span[text()=&#039;Submit&#039;]]
 org.openqa.selenium.WebDriverException: unknown error: Element &lt;span class=&quot;&quot;&gt;...&lt;/span&gt; is not clickable at point (800, 500). Other element would receive the click: &lt;div class=&quot;Spacer-module__margin-top-none___3PnNN Spacer-module__margin-bottom-none___1okus Spacer-module__margin-left-none___1o513 Spacer-module__margin-right-medium___2AzMy Spacer-module__padding-top-none___3mlhK Spacer-module__padding-bottom-none___1U26w Spacer-module__padding-left-none___1uuJz Spacer-module__padding-right-none___1VLpK Spacer-module__is-inline-block___2_ByN&quot;&gt;...&lt;/div&gt;
  (Session info: chrome=84.0.4147.105)
  (Driver info: chromedriver=2.37.544315 (730aa6a5fdba159ac9f4c1e8cbc59bf1b5ce12b7),platform=Windows NT 10.0.17134 x86_64) (WARNING: The server did not provide any stacktrace information)
Command duration or timeout: 0 milliseconds
Build info: version: &#039;3.8.1&#039;, revision: &#039;6e95a6684b&#039;, time: &#039;2017-12-01T18:33:54.468Z&#039;
System info: host: &#039;W1856222&#039;, ip: &#039;10.189.193.222&#039;, os.name: &#039;Windows 10&#039;, os.arch: &#039;amd64&#039;, os.version: &#039;10.0&#039;, java.version: &#039;1.8.0_191&#039;
Driver info: org.openqa.selenium.chrome.ChromeDriver
Capabilities {acceptInsecureCerts: false, acceptSslCerts: false, applicationCacheEnabled: false, browserConnectionEnabled: false, browserName: chrome, chrome: {chromedriverVersion: 2.37.544315 (730aa6a5fdba15..., userDataDir: C:\Users\MK064205\AppData\L...}, cssSelectorsEnabled: true, databaseEnabled: false, handlesAlerts: true, hasTouchScreen: false, javascriptEnabled: true, locationContextEnabled: true, mobileEmulationEnabled: false, nativeEvents: true, networkConnectionEnabled: false, pageLoadStrategy: normal, platform: XP, platformName: XP, rotatable: false, setWindowRect: true, takesHeapSnapshot: true, takesScreenshot: true, unexpectedAlertBehaviour: , unhandledPromptBehavior: , version: 84.0.4147.105, webStorageEnabled: true}
Session ID: 7de0db83d6b77acd2095e5c49ec1b293
Build info: version: &#039;3.8.1&#039;, revision: &#039;6e95a6684b&#039;, time: &#039;2017-12-01T18:33:54.468Z&#039;
System info: host: &#039;W1856222&#039;, ip: &#039;10.189.193.222&#039;, os.name: &#039;Windows 10&#039;, os.arch: &#039;amd64&#039;, os.version: &#039;10.0&#039;, java.version: &#039;1.8.0_191&#039;
Driver info: driver.version: unknown">
        <![CDATA[org.openqa.selenium.WebDriverException: Unable to click on the element: [[ChromeDriver: chrome on XP (7de0db83d6b77acd2095e5c49ec1b293)] -> xpath: //span[text()='Submit']]
 org.openqa.selenium.WebDriverException: unknown error: Element <span class="">...</span> is not clickable at point (800, 500). Other element would receive the click: <div class="Spacer-module__margin-top-none___3PnNN Spacer-module__margin-bottom-none___1okus Spacer-module__margin-left-none___1o513 Spacer-module__margin-right-medium___2AzMy Spacer-module__padding-top-none___3mlhK Spacer-module__padding-bottom-none___1U26w Spacer-module__padding-left-none___1uuJz Spacer-module__padding-right-none___1VLpK Spacer-module__is-inline-block___2_ByN">...</div>
  (Session info: chrome=84.0.4147.105)
  (Driver info: chromedriver=2.37.544315 (730aa6a5fdba159ac9f4c1e8cbc59bf1b5ce12b7),platform=Windows NT 10.0.17134 x86_64) (WARNING: The server did not provide any stacktrace information)
Command duration or timeout: 0 milliseconds
Build info: version: '3.8.1', revision: '6e95a6684b', time: '2017-12-01T18:33:54.468Z'
System info: host: 'W1856222', ip: '10.189.193.222', os.name: 'Windows 10', os.arch: 'amd64', os.version: '10.0', java.version: '1.8.0_191'
Driver info: org.openqa.selenium.chrome.ChromeDriver
Capabilities {acceptInsecureCerts: false, acceptSslCerts: false, applicationCacheEnabled: false, browserConnectionEnabled: false, browserName: chrome, chrome: {chromedriverVersion: 2.37.544315 (730aa6a5fdba15..., userDataDir: C:\Users\MK064205\AppData\L...}, cssSelectorsEnabled: true, databaseEnabled: false, handlesAlerts: true, hasTouchScreen: false, javascriptEnabled: true, locationContextEnabled: true, mobileEmulationEnabled: false, nativeEvents: true, networkConnectionEnabled: false, pageLoadStrategy: normal, platform: XP, platformName: XP, rotatable: false, setWindowRect: true, takesHeapSnapshot: true, takesScreenshot: true, unexpectedAlertBehaviour: , unhandledPromptBehavior: , version: 84.0.4147.105, webStorageEnabled: true}
Session ID: 7de0db83d6b77acd2095e5c49ec1b293
Build info: version: '3.8.1', revision: '6e95a6684b', time: '2017-12-01T18:33:54.468Z'
System info: host: 'W1856222', ip: '10.189.193.222', os.name: 'Windows 10', os.arch: 'amd64', os.version: '10.0', java.version: '1.8.0_191'
Driver info: driver.version: unknown
at com.framework.reports.ReportBuilder.buildTestNodes(ReportBuilder.java:134)
at com.framework.reports.ReportBuilder.buildReports(ReportBuilder.java:64)
at drive.basetest.BasePageTest.afterSuite(ClosePregBaseTest.java:88)
at sun.reflect.NativeMethodAccessorImpl.invoke0(Native Method)
at sun.reflect.NativeMethodAccessorImpl.invoke(NativeMethodAccessorImpl.java:62)
at sun.reflect.DelegatingMethodAccessorImpl.invoke(DelegatingMethodAccessorImpl.java:43)
at java.lang.reflect.Method.invoke(Method.java:498)
at org.testng.internal.MethodInvocationHelper.invokeMethod(MethodInvocationHelper.java:124)
at org.testng.internal.MethodInvocationHelper.invokeMethodConsideringTimeout(MethodInvocationHelper.java:59)
at org.testng.internal.Invoker.invokeConfigurationMethod(Invoker.java:455)
at org.testng.internal.Invoker.invokeConfigurations(Invoker.java:222)
at org.testng.internal.Invoker.invokeConfigurations(Invoker.java:142)
at org.testng.SuiteRunner.privateRun(SuiteRunner.java:425)
at org.testng.SuiteRunner.run(SuiteRunner.java:364)
at org.testng.SuiteRunnerWorker.runSuite(SuiteRunnerWorker.java:52)
at org.testng.SuiteRunnerWorker.run(SuiteRunnerWorker.java:84)
at org.testng.TestNG.runSuitesSequentially(TestNG.java:1208)
at org.testng.TestNG.runSuitesLocally(TestNG.java:1137)
at org.testng.TestNG.runSuites(TestNG.java:1049)
at org.testng.TestNG.run(TestNG.java:1017)
at org.testng.remote.AbstractRemoteTestNG.run(AbstractRemoteTestNG.java:114)
at org.testng.remote.RemoteTestNG.initAndRun(RemoteTestNG.java:251)
at org.testng.remote.RemoteTestNG.main(RemoteTestNG.java:77)
]]>
    </error>
  </testcase> <!-- verifyPregnancyOrionWorkflow -->
</testsuite> <!-- closepregnancy.tests.PregnancyOrionWorkflow -->
