<?xml version="1.0" encoding="UTF-8"?>
<!-- Generated by org.testng.reporters.JUnitXMLReporter -->
<testsuite hostname="W1856222" ignored="0" name="Vaginal_Birth" tests="0" failures="0" timestamp="08 Jan 2020 06:07:03 GMT" time="0.024" errors="0">
  <testcase name="@BeforeSuite beforeSuite" time="0.0" classname="drive.basetest.BasePageTest">
    <failure type="org.testng.TestNGException" message="
Parameter &amp;apos;suitename&amp;apos; is required by BeforeSuite on method beforeSuite but has not been marked @Optional or defined
in C:\ClosePregnancyOrion\PCMClosePregnancy\VaginalBirth.xml">
      <![CDATA[org.testng.TestNGException: 
Parameter 'suitename' is required by BeforeSuite on method beforeSuite but has not been marked @Optional or defined
in C:\ClosePregnancyOrion\PCMClosePregnancy\VaginalBirth.xml
... Removed 17 stack frames]]>
    </failure>
  </testcase> <!-- @BeforeSuite beforeSuite -->
  <testcase name="@BeforeMethod setup" time="0.0" classname="drive.basetest.BasePageTest">
    <skipped/>
  </testcase> <!-- @BeforeMethod setup -->
</testsuite> <!-- Vaginal_Birth -->
