<?xml version="1.0" encoding="UTF-8"?>
<!-- Generated by org.testng.reporters.JUnitXMLReporter -->
<testsuite hostname="W1856222" ignored="0" name="VR Test for DEVENG" tests="1" failures="1" timestamp="23 Oct 2020 13:35:57 GMT" time="294.686" errors="0">
  <testcase name="verifyClosePregnancyForPregnancyOutcomeAsVaginal" time="280.492" classname="drive.tests.PregnancyOutcome_Vaginal">
    <failure type="org.openqa.selenium.WebDriverException" message="Unable to get the text from element: Proxy element for: DefaultElementLocator &amp;apos;By.xpath: //p[text()=&amp;apos;No active pregnancy found&amp;apos;]&amp;apos;
 org.openqa.selenium.NoSuchElementException: no such element: Unable to locate element: {&amp;quot;method&amp;quot;:&amp;quot;xpath&amp;quot;,&amp;quot;selector&amp;quot;:&amp;quot;//p[text()=&amp;apos;No active pregnancy found&amp;apos;]&amp;quot;}
  (Session info: chrome=86.0.4240.75)
  (Driver info: chromedriver=2.37.544315 (730aa6a5fdba159ac9f4c1e8cbc59bf1b5ce12b7),platform=Windows NT 10.0.18363 x86_64) (WARNING: The server did not provide any stacktrace information)
Command duration or timeout: 0 milliseconds
For documentation on this error, please visit: http://seleniumhq.org/exceptions/no_such_element.html
Build info: version: &amp;apos;3.8.1&amp;apos;, revision: &amp;apos;6e95a6684b&amp;apos;, time: &amp;apos;2017-12-01T18:33:54.468Z&amp;apos;
System info: host: &amp;apos;W1856222&amp;apos;, ip: &amp;apos;10.189.9.104&amp;apos;, os.name: &amp;apos;Windows 10&amp;apos;, os.arch: &amp;apos;amd64&amp;apos;, os.version: &amp;apos;10.0&amp;apos;, java.version: &amp;apos;1.8.0_191&amp;apos;
Driver info: org.openqa.selenium.remote.RemoteWebDriver
Capabilities {acceptInsecureCerts: false, acceptSslCerts: false, applicationCacheEnabled: false, browserConnectionEnabled: false, browserName: chrome, chrome: {chromedriverVersion: 2.37.544315 (730aa6a5fdba15..., userDataDir: C:\Users\MK064205\AppData\L...}, cssSelectorsEnabled: true, databaseEnabled: false, handlesAlerts: true, hasTouchScreen: false, javascriptEnabled: true, locationContextEnabled: true, mobileEmulationEnabled: false, nativeEvents: true, networkConnectionEnabled: false, pageLoadStrategy: normal, platform: XP, platformName: XP, rotatable: false, setWindowRect: true, takesHeapSnapshot: true, takesScreenshot: true, unexpectedAlertBehaviour: , unhandledPromptBehavior: , version: 86.0.4240.75, webStorageEnabled: true, webdriver.remote.sessionid: d350c197dcb99dc3bfb2801b3f0...}
Session ID: d350c197dcb99dc3bfb2801b3f0ac302
*** Element info: {Using=xpath, value=//p[text()=&amp;apos;No active pregnancy found&amp;apos;]}
Build info: version: &amp;apos;3.8.1&amp;apos;, revision: &amp;apos;6e95a6684b&amp;apos;, time: &amp;apos;2017-12-01T18:33:54.468Z&amp;apos;
System info: host: &amp;apos;W1856222&amp;apos;, ip: &amp;apos;10.189.9.104&amp;apos;, os.name: &amp;apos;Windows 10&amp;apos;, os.arch: &amp;apos;amd64&amp;apos;, os.version: &amp;apos;10.0&amp;apos;, java.version: &amp;apos;1.8.0_191&amp;apos;
Driver info: driver.version: unknown">
        <![CDATA[org.openqa.selenium.WebDriverException: Unable to get the text from element: Proxy element for: DefaultElementLocator 'By.xpath: //p[text()='No active pregnancy found']'
 org.openqa.selenium.NoSuchElementException: no such element: Unable to locate element: {"method":"xpath","selector":"//p[text()='No active pregnancy found']"}
  (Session info: chrome=86.0.4240.75)
  (Driver info: chromedriver=2.37.544315 (730aa6a5fdba159ac9f4c1e8cbc59bf1b5ce12b7),platform=Windows NT 10.0.18363 x86_64) (WARNING: The server did not provide any stacktrace information)
Command duration or timeout: 0 milliseconds
For documentation on this error, please visit: http://seleniumhq.org/exceptions/no_such_element.html
Build info: version: '3.8.1', revision: '6e95a6684b', time: '2017-12-01T18:33:54.468Z'
System info: host: 'W1856222', ip: '10.189.9.104', os.name: 'Windows 10', os.arch: 'amd64', os.version: '10.0', java.version: '1.8.0_191'
Driver info: org.openqa.selenium.remote.RemoteWebDriver
Capabilities {acceptInsecureCerts: false, acceptSslCerts: false, applicationCacheEnabled: false, browserConnectionEnabled: false, browserName: chrome, chrome: {chromedriverVersion: 2.37.544315 (730aa6a5fdba15..., userDataDir: C:\Users\MK064205\AppData\L...}, cssSelectorsEnabled: true, databaseEnabled: false, handlesAlerts: true, hasTouchScreen: false, javascriptEnabled: true, locationContextEnabled: true, mobileEmulationEnabled: false, nativeEvents: true, networkConnectionEnabled: false, pageLoadStrategy: normal, platform: XP, platformName: XP, rotatable: false, setWindowRect: true, takesHeapSnapshot: true, takesScreenshot: true, unexpectedAlertBehaviour: , unhandledPromptBehavior: , version: 86.0.4240.75, webStorageEnabled: true, webdriver.remote.sessionid: d350c197dcb99dc3bfb2801b3f0...}
Session ID: d350c197dcb99dc3bfb2801b3f0ac302
*** Element info: {Using=xpath, value=//p[text()='No active pregnancy found']}
Build info: version: '3.8.1', revision: '6e95a6684b', time: '2017-12-01T18:33:54.468Z'
System info: host: 'W1856222', ip: '10.189.9.104', os.name: 'Windows 10', os.arch: 'amd64', os.version: '10.0', java.version: '1.8.0_191'
Driver info: driver.version: unknown
at com.framework.handlers.ElementHandler.getText(ElementHandler.java:116)
at pages.AddPregnancyPage.verifyAddPregnancyscreendisplayed(AddPregnancyPage.java:35)
at drive.tests.PregnancyOutcome_Vaginal.verifyClosePregnancyForPregnancyOutcomeAsVaginal(PregnancyOutcome_Vaginal.java:262)
... Removed 25 stack frames]]>
    </failure>
  </testcase> <!-- verifyClosePregnancyForPregnancyOutcomeAsVaginal -->
</testsuite> <!-- VR Test for DEVENG -->
